<?xml version="1.0" encoding="UTF-8"?>
<!-- Generated by org.testng.reporters.JUnitXMLReporter -->
<testsuite ignored="3" hostname="DESKTOP-V82BEDM" failures="0" tests="3" name="AdminPageTest" time="59.144" errors="0" timestamp="15 May 2024 14:53:39 GMT">
  <testcase classname="testCases.AdminPageTest" name="launchURL" time="33.943"/>
  <testcase classname="testCases.AdminPageTest" name="pageLogin" time="8.678"/>
  <testcase classname="testCases.AdminPageTest" name="editGeneralInformation" time="16.49"/>
  <testcase classname="testCases.AdminPageTest" name="pageAdmin" time="0.0">
    <ignored/>
  </testcase> <!-- pageAdmin -->
  <testcase classname="testCases.AdminPageTest" name="searchUser" time="0.0">
    <ignored/>
  </testcase> <!-- searchUser -->
  <testcase classname="testCases.AdminPageTest" name="editUser" time="0.0">
    <ignored/>
  </testcase> <!-- editUser -->
</testsuite> <!-- AdminPageTest -->
